<?xml version="1.0" encoding="UTF-8"?>
<!-- Generated by org.testng.reporters.JUnitReportReporter -->
<testsuite hostname="LAPTOP-7UARP2T2" failures="0" tests="5" name="tests.Testing1" time="0.063" errors="0" timestamp="2022-07-15T14:56:20 EDT" skipped="0">
  <testcase classname="tests.Testing1" name="f" time="0.024"/>
  <system-out/>
  <testcase classname="tests.Testing1" name="test1" time="0.008"/>
  <system-out/>
  <testcase classname="tests.Testing1" name="test2" time="0.015"/>
  <system-out/>
  <testcase classname="tests.Testing1" name="f" time="0.013"/>
  <system-out/>
  <testcase classname="tests.Testing1" name="test3" time="0.003"/>
  <system-out/>
</testsuite> <!-- tests.Testing1 -->
