<?xml version="1.0" encoding="UTF-8"?>
<!-- Generated by org.testng.reporters.JUnitReportReporter -->
<testsuite hostname="LAPTOP-7UARP2T2" failures="0" tests="2" name="tests.Testing2" time="0.003" errors="0" timestamp="2022-07-18T10:39:40 EDT" skipped="0">
  <testcase classname="tests.Testing2" name="test4" time="0.002"/>
  <system-out/>
  <testcase classname="tests.Testing2" name="test5" time="0.001"/>
  <system-out/>
</testsuite> <!-- tests.Testing2 -->
