<?xml version="1.0" encoding="UTF-8"?>
<!-- Generated by org.testng.reporters.JUnitReportReporter -->
<testsuite hostname="LAPTOP-7UARP2T2" failures="0" tests="5" name="tests.Testing1" time="0.024" errors="0" timestamp="2022-07-18T10:39:40 EDT" skipped="0">
  <testcase classname="tests.Testing1" name="f" time="0.011"/>
  <system-out/>
  <testcase classname="tests.Testing1" name="f" time="0.004"/>
  <system-out/>
  <testcase classname="tests.Testing1" name="test2" time="0.002"/>
  <system-out/>
  <testcase classname="tests.Testing1" name="test1" time="0.005"/>
  <system-out/>
  <testcase classname="tests.Testing1" name="test3" time="0.002"/>
  <system-out/>
</testsuite> <!-- tests.Testing1 -->
